<?xml version="1.0" encoding="UTF-8"?>
<testng-results ignored="0" total="1" passed="1" failed="0" skipped="0">
  <reporter-output>
  </reporter-output>
  <suite started-at="2019-07-15T20:39:59Z" name="Default suite" finished-at="2019-07-15T20:40:17Z" duration-ms="18298">
    <groups>
    </groups>
    <test started-at="2019-07-15T20:39:59Z" name="Default test" finished-at="2019-07-15T20:40:17Z" duration-ms="18298">
      <class name="portalSTEP.TestFormularioConcurso">
        <test-method is-config="true" signature="conexion()[pri:0, instance:portalSTEP.TestFormularioConcurso@6f044c58]" started-at="2019-07-15T20:39:59Z" name="conexion" finished-at="2019-07-15T20:40:08Z" duration-ms="9452" status="PASS">
          <reporter-output>
          </reporter-output>
        </test-method> <!-- conexion -->
        <test-method signature="CargarArchivo()[pri:0, instance:portalSTEP.TestFormularioConcurso@6f044c58]" started-at="2019-07-15T20:40:08Z" name="CargarArchivo" finished-at="2019-07-15T20:40:16Z" duration-ms="7639" status="PASS">
          <reporter-output>
          </reporter-output>
        </test-method> <!-- CargarArchivo -->
        <test-method is-config="true" signature="cerrarConexion()[pri:0, instance:portalSTEP.TestFormularioConcurso@6f044c58]" started-at="2019-07-15T20:40:16Z" name="cerrarConexion" finished-at="2019-07-15T20:40:17Z" duration-ms="1013" status="PASS">
          <reporter-output>
          </reporter-output>
        </test-method> <!-- cerrarConexion -->
      </class> <!-- portalSTEP.TestFormularioConcurso -->
    </test> <!-- Default test -->
  </suite> <!-- Default suite -->
</testng-results>
