<?xml version="1.0" encoding="UTF-8"?>
<!-- Generated by org.testng.reporters.JUnitXMLReporter -->
<testsuite ignored="0" hostname="PROYQALAB09" failures="0" tests="3" name="Default test" time="41.233" errors="0" timestamp="18 sep 2019 15:19:09 GMT">
  <testcase classname="portalSTEP.TestConsultaAbonoConvenio" name="pruebaConexion" time="17.042"/>
  <testcase classname="portalSTEP.TestConsultaAbonoConvenio" name="pruebaConexion" time="13.104"/>
  <testcase classname="portalSTEP.TestConsultaAbonoConvenio" name="pruebaConexion" time="7.274"/>
</testsuite> <!-- Default test -->
