<?xml version="1.0" encoding="UTF-8"?>
<!-- Generated by org.testng.reporters.JUnitXMLReporter -->
<testsuite ignored="0" hostname="PROYQALAB09" failures="0" tests="3" name="Default test" time="31.599" errors="0" timestamp="11 jul 2019 17:38:01 GMT">
  <testcase classname="gfa.PortalSTEP.TestPortal3Guias" name="test1ConexionEdge" time="7.08"/>
  <testcase classname="gfa.PortalSTEP.TestPortal3Guias" name="test2ConexionFirefox" time="11.531"/>
  <testcase classname="gfa.PortalSTEP.TestPortal3Guias" name="test3ConexionChrome" time="8.978"/>
</testsuite> <!-- Default test -->
